<?xml version="1.0" encoding="UTF-8"?>
<coverage generated="1780506510036" clover="3.2.0">
  <project timestamp="1780506510036" name="All files">
    <metrics statements="12" coveredstatements="11" conditionals="8" coveredconditionals="5" methods="3" coveredmethods="3" elements="23" coveredelements="19" complexity="0" loc="12" ncloc="12" packages="1" files="1" classes="1"/>
    <file name="shift-validator.ts" path="/home/mint/Documentos/Syngate-BackEnd/src/shared/utils/shift-validator.ts">
      <metrics statements="12" coveredstatements="11" conditionals="8" coveredconditionals="5" methods="3" coveredmethods="3"/>
      <line num="12" count="1" type="stmt"/>
      <line num="13" count="2" type="stmt"/>
      <line num="19" count="1" type="stmt"/>
      <line num="20" count="3" type="stmt"/>
      <line num="27" count="1" type="stmt"/>
      <line num="28" count="3" type="stmt"/>
      <line num="30" count="3" type="cond" truecount="2" falsecount="0"/>
      <line num="31" count="1" type="stmt"/>
      <line num="34" count="2" type="stmt"/>
      <line num="37" count="2" type="cond" truecount="1" falsecount="1"/>
      <line num="38" count="0" type="cond" truecount="0" falsecount="2"/>
      <line num="42" count="2" type="cond" truecount="2" falsecount="0"/>
    </file>
  </project>
</coverage>
