{"/home/mint/Documentos/Syngate-BackEnd/src/shared/utils/shift-validator.ts": {"path":"/home/mint/Documentos/Syngate-BackEnd/src/shared/utils/shift-validator.ts","statementMap":{"0":{"start":{"line":12,"column":0},"end":{"line":12,"column":16}},"1":{"start":{"line":19,"column":0},"end":{"line":19,"column":16}},"2":{"start":{"line":27,"column":0},"end":{"line":27,"column":16}},"3":{"start":{"line":13,"column":2},"end":{"line":13,"column":50}},"4":{"start":{"line":20,"column":2},"end":{"line":20,"column":23}},"5":{"start":{"line":28,"column":21},"end":{"line":28,"column":39}},"6":{"start":{"line":30,"column":2},"end":{"line":32,"column":3}},"7":{"start":{"line":31,"column":4},"end":{"line":31,"column":17}},"8":{"start":{"line":34,"column":25},"end":{"line":34,"column":44}},"9":{"start":{"line":37,"column":2},"end":{"line":39,"column":3}},"10":{"start":{"line":38,"column":4},"end":{"line":38,"column":81}},"11":{"start":{"line":42,"column":2},"end":{"line":42,"column":79}}},"fnMap":{"0":{"name":"dateToMinutes","decl":{"start":{"line":12,"column":16},"end":{"line":12,"column":29}},"loc":{"start":{"line":12,"column":40},"end":{"line":14,"column":1}}},"1":{"name":"getDayOfWeek","decl":{"start":{"line":19,"column":16},"end":{"line":19,"column":28}},"loc":{"start":{"line":19,"column":39},"end":{"line":21,"column":1}}},"2":{"name":"isWithinShift","decl":{"start":{"line":27,"column":16},"end":{"line":27,"column":29}},"loc":{"start":{"line":27,"column":54},"end":{"line":43,"column":1}}}},"branchMap":{"0":{"loc":{"start":{"line":30,"column":2},"end":{"line":32,"column":3}},"type":"if","locations":[{"start":{"line":30,"column":2},"end":{"line":32,"column":3}},{"start":{},"end":{}}]},"1":{"loc":{"start":{"line":37,"column":2},"end":{"line":39,"column":3}},"type":"if","locations":[{"start":{"line":37,"column":2},"end":{"line":39,"column":3}},{"start":{},"end":{}}]},"2":{"loc":{"start":{"line":38,"column":11},"end":{"line":38,"column":80}},"type":"binary-expr","locations":[{"start":{"line":38,"column":11},"end":{"line":38,"column":45}},{"start":{"line":38,"column":49},"end":{"line":38,"column":80}}]},"3":{"loc":{"start":{"line":42,"column":9},"end":{"line":42,"column":78}},"type":"binary-expr","locations":[{"start":{"line":42,"column":9},"end":{"line":42,"column":43}},{"start":{"line":42,"column":47},"end":{"line":42,"column":78}}]}},"s":{"0":1,"1":1,"2":1,"3":2,"4":3,"5":3,"6":3,"7":1,"8":2,"9":2,"10":0,"11":2},"f":{"0":2,"1":3,"2":3},"b":{"0":[1,2],"1":[0,2],"2":[0,0],"3":[2,2]}}
}
